[NbConvertApp] Converting notebook /share/desa/yz443/subseasonal_toolkit/subseasonal_toolkit/models/multillr/multillr.ipynb to script
[NbConvertApp] Writing 29582 bytes to /share/desa/yz443/subseasonal_toolkit/subseasonal_toolkit/models/multillr/multillr.py
mv: cannot stat '~': No such file or directory
chown: invalid group: ‘yz443:sched_mit_hill’
chown: invalid group: ‘yz443:sched_mit_hill’
chown: invalid group: ‘yz443:sched_mit_hill’
chown: invalid group: ‘yz443:sched_mit_hill’
chown: invalid group: ‘yz443:sched_mit_hill’
chown: invalid group: ‘yz443:sched_mit_hill’
chown: invalid group: ‘yz443:sched_mit_hill’
chown: invalid group: ‘yz443:sched_mit_hill’
chown: invalid group: ‘yz443:sched_mit_hill’
chown: invalid group: ‘yz443:sched_mit_hill’
chown: invalid group: ‘yz443:sched_mit_hill’
chown: invalid group: ‘yz443:sched_mit_hill’
chown: invalid group: ‘yz443:sched_mit_hill’
chown: invalid group: ‘yz443:sched_mit_hill’
chown: invalid group: ‘yz443:sched_mit_hill’
chown: invalid group: ‘yz443:sched_mit_hill’
chown: invalid group: ‘yz443:sched_mit_hill’
chown: invalid group: ‘yz443:sched_mit_hill’
chown: invalid group: ‘yz443:sched_mit_hill’
chown: invalid group: ‘yz443:sched_mit_hill’
chown: invalid group: ‘yz443:sched_mit_hill’
chown: invalid group: ‘yz443:sched_mit_hill’
chown: invalid group: ‘yz443:sched_mit_hill’
chown: invalid group: ‘yz443:sched_mit_hill’
chown: invalid group: ‘yz443:sched_mit_hill’
chown: invalid group: ‘yz443:sched_mit_hill’
chown: invalid group: ‘yz443:sched_mit_hill’
chown: invalid group: ‘yz443:sched_mit_hill’
chown: invalid group: ‘yz443:sched_mit_hill’
chown: invalid group: ‘yz443:sched_mit_hill’
chown: invalid group: ‘yz443:sched_mit_hill’
chown: invalid group: ‘yz443:sched_mit_hill’
chown: invalid group: ‘yz443:sched_mit_hill’
chown: invalid group: ‘yz443:sched_mit_hill’
chown: invalid group: ‘yz443:sched_mit_hill’
chown: invalid group: ‘yz443:sched_mit_hill’
chown: invalid group: ‘yz443:sched_mit_hill’
chown: invalid group: ‘yz443:sched_mit_hill’
chown: invalid group: ‘yz443:sched_mit_hill’
chown: invalid group: ‘yz443:sched_mit_hill’
chown: invalid group: ‘yz443:sched_mit_hill’
chown: invalid group: ‘yz443:sched_mit_hill’
chown: invalid group: ‘yz443:sched_mit_hill’
chown: invalid group: ‘yz443:sched_mit_hill’
chown: invalid group: ‘yz443:sched_mit_hill’
chown: invalid group: ‘yz443:sched_mit_hill’
chown: invalid group: ‘yz443:sched_mit_hill’
chown: invalid group: ‘yz443:sched_mit_hill’
chown: invalid group: ‘yz443:sched_mit_hill’
chown: invalid group: ‘yz443:sched_mit_hill’
chown: invalid group: ‘yz443:sched_mit_hill’
chown: invalid group: ‘yz443:sched_mit_hill’
chown: invalid group: ‘yz443:sched_mit_hill’
chown: invalid group: ‘yz443:sched_mit_hill’
chown: invalid group: ‘yz443:sched_mit_hill’
chown: invalid group: ‘yz443:sched_mit_hill’
chown: invalid group: ‘yz443:sched_mit_hill’
chown: invalid group: ‘yz443:sched_mit_hill’
chown: invalid group: ‘yz443:sched_mit_hill’
chown: invalid group: ‘yz443:sched_mit_hill’
chown: invalid group: ‘yz443:sched_mit_hill’
chown: invalid group: ‘yz443:sched_mit_hill’
chown: invalid group: ‘yz443:sched_mit_hill’
chown: invalid group: ‘yz443:sched_mit_hill’
chown: invalid group: ‘yz443:sched_mit_hill’
chown: invalid group: ‘yz443:sched_mit_hill’
chown: invalid group: ‘yz443:sched_mit_hill’
chown: invalid group: ‘yz443:sched_mit_hill’
chown: invalid group: ‘yz443:sched_mit_hill’
chown: invalid group: ‘yz443:sched_mit_hill’
chown: invalid group: ‘yz443:sched_mit_hill’
chown: invalid group: ‘yz443:sched_mit_hill’
chown: invalid group: ‘yz443:sched_mit_hill’
chown: invalid group: ‘yz443:sched_mit_hill’
chown: invalid group: ‘yz443:sched_mit_hill’
chown: invalid group: ‘yz443:sched_mit_hill’
chown: invalid group: ‘yz443:sched_mit_hill’
chown: invalid group: ‘yz443:sched_mit_hill’
chown: invalid group: ‘yz443:sched_mit_hill’
chown: invalid group: ‘yz443:sched_mit_hill’
chown: invalid group: ‘yz443:sched_mit_hill’
chown: invalid group: ‘yz443:sched_mit_hill’
chown: invalid group: ‘yz443:sched_mit_hill’
chown: invalid group: ‘yz443:sched_mit_hill’
chown: invalid group: ‘yz443:sched_mit_hill’
chown: invalid group: ‘yz443:sched_mit_hill’
slurmstepd: error: *** JOB 354477 ON joachims-cpu-01 CANCELLED AT 2022-01-06T05:29:08 DUE TO TIME LIMIT ***
